<?xml version="1.0" encoding="UTF-8"?>
<!-- Generated by org.testng.reporters.JUnitXMLReporter -->
<testsuite ignored="0" hostname="DESKTOP-G3TGTDA" failures="0" tests="4" name="Test" time="28.555" errors="0" timestamp="2023-03-04T15:10:14 IST">
  <testcase classname="TestNgParalelExecution.Class2" name="kKR" time="27.826"/>
  <testcase classname="TestNgParalelExecution.Class1" name="mumbaiIndians" time="27.972"/>
  <testcase classname="TestNgParalelExecution.Class4" name="gujratTitans" time="28.162"/>
  <testcase classname="TestNgParalelExecution.Class3" name="chennaiSuperKings" time="28.472"/>
</testsuite> <!-- Test -->
