<?xml version="1.0" encoding="UTF-8"?>
<!-- Generated by org.testng.reporters.JUnitXMLReporter -->
<testsuite ignored="0" hostname="DESKTOP-G3TGTDA" failures="1" tests="1" name="Test(failed)" time="0.137" errors="0" timestamp="2023-03-02T16:45:18 IST">
  <testcase classname="testNG.NewTest1" name="demo1" time="0.02">
    <failure type="java.lang.ArithmeticException" message="/ by zero">
      <![CDATA[java.lang.ArithmeticException: / by zero
at testNG.NewTest1.demo1(NewTest1.java:11)
at java.base/java.util.ArrayList.forEach(ArrayList.java:1511)
... Removed 27 stack frames]]>
    </failure>
  </testcase> <!-- demo1 -->
</testsuite> <!-- Test(failed) -->
